Start testing: Sep 20 21:42 UTC
----------------------------------------------------------
1/1 Testing: laba1_tests
1/1 Test: laba1_tests
Command: "/workspaces/OOP/build/laba1/laba1_tests"
Directory: /workspaces/OOP/build/laba1
"laba1_tests" start time: Sep 20 21:42 UTC
Output:
----------------------------------------------------------
Running main() from /workspaces/OOP/build/_deps/googletest-src/googletest/src/gtest_main.cc
[==========] Running 8 tests from 8 test suites.
[----------] Global test environment set-up.
[----------] 1 test from test_01
[ RUN      ] test_01.basic_test_set
[       OK ] test_01.basic_test_set (0 ms)
[----------] 1 test from test_01 (0 ms total)

[----------] 1 test from test_02
[ RUN      ] test_02.basic_test_set
[       OK ] test_02.basic_test_set (0 ms)
[----------] 1 test from test_02 (0 ms total)

[----------] 1 test from test_03
[ RUN      ] test_03.basic_test_set
[       OK ] test_03.basic_test_set (0 ms)
[----------] 1 test from test_03 (0 ms total)

[----------] 1 test from test_04
[ RUN      ] test_04.basic_test_set
[       OK ] test_04.basic_test_set (0 ms)
[----------] 1 test from test_04 (0 ms total)

[----------] 1 test from test_05
[ RUN      ] test_05.basic_test_set
/workspaces/OOP/test/tests_1.cpp:42: Failure
Expected equality of these values:
  n
    Which is: 30
  20

[  FAILED  ] test_05.basic_test_set (0 ms)
[----------] 1 test from test_05 (0 ms total)

[----------] 1 test from test_06
[ RUN      ] test_06.basic_test_set
[       OK ] test_06.basic_test_set (0 ms)
[----------] 1 test from test_06 (0 ms total)

[----------] 1 test from test_07
[ RUN      ] test_07.basic_test_set
[       OK ] test_07.basic_test_set (0 ms)
[----------] 1 test from test_07 (0 ms total)

[----------] 1 test from test_08
[ RUN      ] test_08.basic_test_set
[       OK ] test_08.basic_test_set (0 ms)
[----------] 1 test from test_08 (0 ms total)

[----------] Global test environment tear-down
[==========] 8 tests from 8 test suites ran. (0 ms total)
[  PASSED  ] 7 tests.
[  FAILED  ] 1 test, listed below:
[  FAILED  ] test_05.basic_test_set

 1 FAILED TEST
<end of output>
Test time =   0.01 sec
----------------------------------------------------------
Test Failed.
"laba1_tests" end time: Sep 20 21:42 UTC
"laba1_tests" time elapsed: 00:00:00
----------------------------------------------------------

End testing: Sep 20 21:42 UTC
